[master (root-commit) 13de8e4] Make IRCclient
 17 files changed, 1030 insertions(+)
 create mode 100644 .local.git.out
 create mode 100755 IRCClient
 create mode 100644 IRCClient.c
 create mode 100644 Makefile
 create mode 100755 TestIRCServer
 create mode 100644 TestIRCServer.c
 create mode 100755 entry
 create mode 100644 entry.c
 create mode 100755 hello
 create mode 100644 hello.c
 create mode 100755 panned
 create mode 100644 panned.c
 create mode 100755 radio
 create mode 100644 radio.c
 create mode 100644 talk-client.c
 create mode 100755 timer
 create mode 100644 timer.c
[master 4aa8c6b] Make IRCclient
 3 files changed, 33 insertions(+), 18 deletions(-)
[master bebbd4d] Make IRCclient
 3 files changed, 4 insertions(+), 2 deletions(-)
[master ee2366c] Make IRCclient
 3 files changed, 3 insertions(+), 1 deletion(-)
[master 6eb83b5] Make IRCclient
 3 files changed, 23 insertions(+)
[master e6930cc] Make IRCclient
 3 files changed, 4 insertions(+), 1 deletion(-)
[master f003b59] Make IRCclient
 3 files changed, 3 insertions(+), 1 deletion(-)
[master fd88d1e] Make IRCclient
 3 files changed, 3 insertions(+), 1 deletion(-)
[master d1d7714] Make IRCclient
 3 files changed, 3 insertions(+)
 rewrite IRCClient (66%)
[master 3f4d63e] Make IRCclient
 3 files changed, 4 insertions(+), 1 deletion(-)
[master a75fce4] Make IRCclient
 3 files changed, 20 insertions(+), 15 deletions(-)
[master 530660c] Make IRCclient
 3 files changed, 11 insertions(+)
 rewrite IRCClient (76%)
[master 5983895] Make IRCclient
 3 files changed, 4 insertions(+), 1 deletion(-)
[master 29a8153] Make IRCclient
 3 files changed, 3 insertions(+), 1 deletion(-)
[master 91e14b1] Make IRCclient
 3 files changed, 3 insertions(+), 2 deletions(-)
[master 80f7016] Make IRCclient
 3 files changed, 3 insertions(+)
 rewrite IRCClient (67%)
[master 2dc0c5e] Make IRCclient
 3 files changed, 8 insertions(+)
 rewrite IRCClient (78%)
[master 99b4e96] Make IRCclient
 3 files changed, 12 insertions(+)
 rewrite IRCClient (80%)
[master 7ba0bc6] Make IRCclient
 3 files changed, 4 insertions(+)
[master 68a50d2] Make IRCclient
 3 files changed, 3 insertions(+), 1 deletion(-)
[master e130dfa] Make IRCclient
 3 files changed, 3 insertions(+), 1 deletion(-)
[master 643881a] Make IRCclient
 3 files changed, 17 insertions(+), 1 deletion(-)
[master 3dac04e] Make IRCclient
 3 files changed, 4 insertions(+), 1 deletion(-)
[master 22bab01] Make IRCclient
 3 files changed, 4 insertions(+), 1 deletion(-)
[master 9c906dd] Make IRCclient
 3 files changed, 10 insertions(+), 1 deletion(-)
[master 55dc69a] Make IRCclient
 2 files changed, 2 insertions(+), 1 deletion(-)
[master 51ac97d] Make IRCclient
 3 files changed, 13 insertions(+)
 rewrite IRCClient (78%)
[master 7155d8d] Make IRCclient
 3 files changed, 10 insertions(+), 1 deletion(-)
 rewrite IRCClient (81%)
[master dcce6d3] Make IRCclient
 2 files changed, 5 insertions(+), 2 deletions(-)
[master 682af46] Make IRCclient
 3 files changed, 11 insertions(+), 4 deletions(-)
 rewrite IRCClient (73%)
[master 2ca8bed] Make IRCclient
 3 files changed, 18 insertions(+), 1 deletion(-)
 rewrite IRCClient (84%)
[master 30cc0c7] Make IRCclient
 2 files changed, 6 insertions(+), 3 deletions(-)
[master 9607a05] Make IRCclient
 3 files changed, 3 insertions(+), 1 deletion(-)
[master 4c3bc4e] Make IRCclient
 3 files changed, 28 insertions(+)
[master 247b222] Make IRCclient
 3 files changed, 21 insertions(+)
[master e2bcb06] Make IRCclient
 3 files changed, 41 insertions(+), 1 deletion(-)
[master 0a765ee] Make IRCclient
 3 files changed, 2 insertions(+), 3 deletions(-)
[master 7015eb9] Make IRCclient
 2 files changed, 3 insertions(+), 1 deletion(-)
[master 9ad3237] Make IRCclient
 3 files changed, 3 insertions(+), 1 deletion(-)
[master fb0833a] Make IRCclient
 3 files changed, 4 insertions(+), 2 deletions(-)
[master 58a4989] Make IRCclient
 1 file changed, 2 insertions(+)
[master 5333efe] Make IRCclient
 6 files changed, 27 insertions(+), 6 deletions(-)
 create mode 100644 IRCNetworking.cc
 create mode 100644 IRCNetworking.h
[master d3fd085] Make IRCclient
 4 files changed, 282 insertions(+)
 rewrite IRCClient (91%)
[master ad842cb] Make IRCclient
 4 files changed, 39 insertions(+), 4 deletions(-)
 rewrite IRCClient (69%)
 rename IRCClient.c => IRCClient.cc (93%)
[master 1a3606e] Make IRCclient
 3 files changed, 24 insertions(+)
[master 1516117] Make IRCclient
 4 files changed, 19 insertions(+), 6 deletions(-)
 rewrite IRCClient (68%)
[master 8b882d0] Make IRCclient
 3 files changed, 77 insertions(+), 30 deletions(-)
 rewrite IRCClient (86%)
[master 45b210d] Make IRCclient
 3 files changed, 12 insertions(+), 5 deletions(-)
[master d82dbe2] Make IRCclient
 3 files changed, 20 insertions(+), 1 deletion(-)
 rewrite IRCClient (73%)
[master 08d6f83] Make IRCclient
 4 files changed, 14 insertions(+), 9 deletions(-)
[master 2f48cab] Make IRCclient
 3 files changed, 18 insertions(+), 2 deletions(-)
 rewrite IRCClient (60%)
[master b28fd7e] Make IRCclient
 3 files changed, 8 insertions(+)
[master e9f247e] Make IRCclient
 3 files changed, 11 insertions(+), 2 deletions(-)
[master 2d9f67d] Make IRCclient
 3 files changed, 2 insertions(+), 4 deletions(-)
[master 3b1db34] Make IRCclient
 3 files changed, 3 insertions(+), 1 deletion(-)
[master c10df93] Make IRCclient
 3 files changed, 3 insertions(+), 1 deletion(-)
[master 2701b9e] Make IRCclient
 1 file changed, 2 insertions(+)
[master 8039bc2] Make IRCclient
 1 file changed, 2 insertions(+)
[master 4ae26fd] Make IRCclient
 3 files changed, 3 insertions(+)
[master c13d557] Make IRCclient
 3 files changed, 3 insertions(+)
[master fda2222] Make IRCclient
 1 file changed, 2 insertions(+)
[master 166a33f] Make IRCclient
 3 files changed, 3 insertions(+)
[master 373eff5] Make IRCclient
 1 file changed, 2 insertions(+)
[master c81c9f7] Make IRCclient
 3 files changed, 50 insertions(+), 9 deletions(-)
 rewrite IRCClient (85%)
[master b35cfef] Make IRCclient
 3 files changed, 4 insertions(+), 1 deletion(-)
[master bc972bb] Make IRCclient
 1 file changed, 2 insertions(+)
[master 5729620] Make IRCclient
 1 file changed, 2 insertions(+)
[master df66851] Make IRCclient
 3 files changed, 3 insertions(+), 1 deletion(-)
[master a0cce34] Make IRCclient
 3 files changed, 3 insertions(+), 1 deletion(-)
[master 7a0246c] Make IRCclient
 5 files changed, 12 insertions(+), 8 deletions(-)
 rewrite IRCClient (78%)
[master 6ab4f89] Make IRCclient
 4 files changed, 1272052 insertions(+), 2 deletions(-)
 create mode 100644 out.txt
[master 5d34eff] Make IRCclient
 3 files changed, 6 insertions(+), 4 deletions(-)
 rewrite IRCClient (81%)
[master 874718a] Make IRCclient
 3 files changed, 5 insertions(+)
[master 10bd89e] Make IRCclient
 1 file changed, 2 insertions(+)
[master c794f89] Make IRCclient
 3 files changed, 3 insertions(+)
[master 6f505a5] Make IRCclient
 3 files changed, 30 insertions(+), 3 deletions(-)
 rewrite IRCClient (73%)
[master ff636f9] Make IRCclient
 3 files changed, 26 insertions(+), 8 deletions(-)
[master 808e023] Make IRCclient
 4 files changed, 5 insertions(+), 5 deletions(-)
[master 3a41b5c] Make IRCclient
 3 files changed, 8 insertions(+), 7 deletions(-)
[master e023222] Make IRCclient
 3 files changed, 4 insertions(+), 4 deletions(-)
[master 2bec797] Make IRCclient
 3 files changed, 13 insertions(+), 11 deletions(-)
 rewrite IRCClient (62%)
[master 1175995] Make IRCclient
 4 files changed, 4 insertions(+), 1272045 deletions(-)
 delete mode 100644 out.txt
[master 3921573] Make IRCclient
 3 files changed, 4 insertions(+), 1 deletion(-)
[master 6454569] Make IRCclient
 3 files changed, 5 insertions(+), 1 deletion(-)
[master 8eb327d] Make IRCclient
 4 files changed, 7 insertions(+), 2 deletions(-)
[master 23376bc] Make IRCclient
 4 files changed, 12 insertions(+), 4 deletions(-)
 rewrite IRCClient (84%)
[master 4689196] Make IRCclient
 3 files changed, 11 insertions(+), 2 deletions(-)
[master f464305] Make IRCclient
 3 files changed, 6 insertions(+), 2 deletions(-)
[master 39fa1ef] Make IRCclient
 3 files changed, 5 insertions(+)
[master e56e63c] Make IRCclient
 3 files changed, 6 insertions(+)
[master abb9d87] Make IRCclient
 3 files changed, 3 insertions(+), 1 deletion(-)
[master 21a447a] Make IRCclient
 3 files changed, 19 insertions(+), 2 deletions(-)
[master 64e951b] Make IRCclient
 3 files changed, 3 insertions(+), 1 deletion(-)
